<?xml version="1.0" encoding="UTF-8"?>
<!-- Generated by org.testng.reporters.JUnitXMLReporter -->
<testsuite hostname="Hardik-Ranjan.local" ignored="0" name="Default test" tests="4" failures="0" timestamp="06 Apr 2017 12:39:57 GMT" time="43.365" errors="0">
  <testcase name="browser" time="6.012" classname="com.hardik.seleniumAssignment.Operator"/>
  <testcase name="verifyHomePage" time="26.037" classname="com.hardik.seleniumAssignment.Operator"/>
  <testcase name="verifyLoginPage" time="11.065" classname="com.hardik.seleniumAssignment.Operator"/>
  <testcase name="verifySignUpPage" time="0.231" classname="com.hardik.seleniumAssignment.Operator"/>
</testsuite> <!-- Default test -->
